<?xml version="1.0" encoding="UTF-8"?>
<testng-results ignored="0" total="1" passed="1" failed="0" skipped="0">
  <reporter-output>
  </reporter-output>
  <suite started-at="2023-05-25T18:16:57 UTC" name="Default suite" finished-at="2023-05-25T18:17:38 UTC" duration-ms="40421">
    <groups>
    </groups>
    <test started-at="2023-05-25T18:16:57 UTC" name="Default test" finished-at="2023-05-25T18:17:38 UTC" duration-ms="40421">
      <class name="IdeaSite.USAIDsites">
        <test-method is-config="true" signature="setup()[pri:0, instance:IdeaSite.USAIDsites@41fbdac4]" started-at="2023-05-25T18:16:57 UTC" name="setup" finished-at="2023-05-25T18:17:10 UTC" duration-ms="12657" status="PASS">
          <reporter-output>
          </reporter-output>
        </test-method> <!-- setup -->
        <test-method signature="test01()[pri:0, instance:IdeaSite.USAIDsites@41fbdac4]" started-at="2023-05-25T18:17:10 UTC" name="test01" finished-at="2023-05-25T18:17:37 UTC" duration-ms="26983" status="PASS">
          <reporter-output>
          </reporter-output>
        </test-method> <!-- test01 -->
        <test-method is-config="true" signature="aftermethod()[pri:0, instance:IdeaSite.USAIDsites@41fbdac4]" started-at="2023-05-25T18:17:37 UTC" name="aftermethod" finished-at="2023-05-25T18:17:38 UTC" duration-ms="723" status="PASS">
          <reporter-output>
          </reporter-output>
        </test-method> <!-- aftermethod -->
      </class> <!-- IdeaSite.USAIDsites -->
    </test> <!-- Default test -->
  </suite> <!-- Default suite -->
</testng-results>
